<?xml version="1.0" encoding="UTF-8"?>
<testng-results skipped="0" failed="0" total="0" passed="0">
  <reporter-output>
  </reporter-output>
  <suite name="tests.TestLogin" duration-ms="8" started-at="2016-05-10T00:38:17Z" finished-at="2016-05-10T00:38:17Z">
    <groups>
    </groups>
    <test name="Command line test" duration-ms="8" started-at="2016-05-10T00:38:17Z" finished-at="2016-05-10T00:38:17Z">
    </test> <!-- Command line test -->
  </suite> <!-- tests.TestLogin -->
</testng-results>
